[32372:10404:1014/112541.432:WARNING:chrome_command_line_pref_store.cc(115)] Additional command-line proxy switches specified when --no-proxy-server was also specified.
[32372:10404:1014/112541.444:WARNING:chrome_command_line_pref_store.cc(115)] Additional command-line proxy switches specified when --no-proxy-server was also specified.
[32372:10404:1014/112541.573:WARNING:chrome_command_line_pref_store.cc(115)] Additional command-line proxy switches specified when --no-proxy-server was also specified.
[32372:10404:1014/112602.219:INFO:CONSOLE(35)] "[object Object]", source: https://ips-provar.lightning.force.com/libraries/instrumentation/beaconLib/BeaconLibrary.js (35)
[32372:10404:1014/112608.929:INFO:CONSOLE(35)] "[object Object]", source: https://ips-provar.lightning.force.com/libraries/instrumentation/beaconLib/BeaconLibrary.js (35)
[32372:10404:1014/112627.232:INFO:CONSOLE(35)] "[object Object]", source: https://ips-provar.lightning.force.com/libraries/instrumentation/beaconLib/BeaconLibrary.js (35)
[32372:10404:1014/112628.983:INFO:CONSOLE(2)] "<lightning-icon> Invalid icon name utility:", source: https://ips-provar.lightning.force.com/components/lightning/icon.js (2)
[32372:10404:1014/112642.647:INFO:CONSOLE(35)] "[object Object]", source: https://ips-provar.lightning.force.com/libraries/instrumentation/beaconLib/BeaconLibrary.js (35)
[32372:10404:1014/112645.621:INFO:CONSOLE(35)] "[object Object]", source: https://ips-provar.lightning.force.com/libraries/instrumentation/beaconLib/BeaconLibrary.js (35)
[32372:10404:1014/112654.131:INFO:CONSOLE(35)] "[object Object]", source: https://ips-provar.lightning.force.com/libraries/instrumentation/beaconLib/BeaconLibrary.js (35)
[32372:10404:1014/112705.321:INFO:CONSOLE(35)] "[object Object]", source: https://ips-provar.lightning.force.com/libraries/instrumentation/beaconLib/BeaconLibrary.js (35)
[32372:10404:1014/112713.767:INFO:CONSOLE(35)] "[object Object]", source: https://ips-provar.lightning.force.com/libraries/instrumentation/beaconLib/BeaconLibrary.js (35)
[32372:10404:1014/112722.490:INFO:CONSOLE(35)] "[object Object]", source: https://ips-provar.lightning.force.com/libraries/instrumentation/beaconLib/BeaconLibrary.js (35)
[32372:10404:1014/112739.313:INFO:CONSOLE(35)] "[object Object]", source: https://ips-provar.lightning.force.com/libraries/instrumentation/beaconLib/BeaconLibrary.js (35)
[32372:10404:1014/112751.343:INFO:CONSOLE(35)] "[object Object]", source: https://ips-provar.lightning.force.com/libraries/instrumentation/beaconLib/BeaconLibrary.js (35)
[32372:10404:1014/112800.844:INFO:CONSOLE(2)] "<lightning-icon> Invalid icon name utility:", source: https://ips-provar.lightning.force.com/components/lightning/icon.js (2)
[32372:10404:1014/112808.923:INFO:CONSOLE(35)] "[object Object]", source: https://ips-provar.lightning.force.com/libraries/instrumentation/beaconLib/BeaconLibrary.js (35)
[32372:10404:1014/112813.587:INFO:CONSOLE(35)] "[object Object]", source: https://ips-provar.lightning.force.com/libraries/instrumentation/beaconLib/BeaconLibrary.js (35)
[32372:10404:1014/112824.143:INFO:CONSOLE(35)] "[object Object]", source: https://ips-provar.lightning.force.com/libraries/instrumentation/beaconLib/BeaconLibrary.js (35)
[32372:10404:1014/112824.455:INFO:CONSOLE(35)] "[object Object]", source: https://ips-provar.lightning.force.com/libraries/instrumentation/beaconLib/BeaconLibrary.js (35)
[32372:10404:1014/112829.506:INFO:CONSOLE(35)] "[object Object]", source: https://ips-provar.lightning.force.com/libraries/instrumentation/beaconLib/BeaconLibrary.js (35)
[32372:10404:1014/112839.548:INFO:CONSOLE(2532)] "Synchronous XMLHttpRequest on the main thread is deprecated because of its detrimental effects to the end user's experience. For more help, check https://xhr.spec.whatwg.org/.", source: https://c1.sfdcstatic.com/etc.clientlibs/clientlibs/granite/jquery.min.772fb04d4ce536dfb06c17e789ad4dbd.js (2532)
[32372:10404:1014/112839.585:INFO:CONSOLE(662)] "getJSON Failed /wbin/www-core/f/g [object Object]", source: https://c1.sfdcstatic.com/etc/clientlibs/sfdc-www/clientlibs_sfdc_forms.min.a47979ec4f6b317c17b83b930f3f28cf.js (662)
